<?xml version="1.0" encoding="UTF-8"?>
<!-- Generated by org.testng.reporters.JUnitReportReporter -->
<testsuite hostname="autodev" failures="0" tests="4" name="testng.auto.project.testng.SampleTestNgTest" time="2.251" errors="0" timestamp="2020-08-09T11:39:06 CDT" skipped="0">
  <testcase classname="testng.auto.project.testng.SampleTestNgTest" name="testObserver3Dropdowns" time="1.318"/>
  <system-out/>
  <testcase classname="testng.auto.project.testng.SampleTestNgTest" name="testSelectCountry" time="0.378"/>
  <system-out/>
  <testcase classname="testng.auto.project.testng.SampleTestNgTest" name="testSelectRegion" time="0.289"/>
  <system-out/>
  <testcase classname="testng.auto.project.testng.SampleTestNgTest" name="testCityName" time="0.266"/>
  <system-out/>
</testsuite> <!-- testng.auto.project.testng.SampleTestNgTest -->
