<?xml version="1.0" encoding="UTF-8"?>
<!-- Generated by org.testng.reporters.JUnitReportReporter -->
<testsuite hostname="autodev" failures="0" tests="8" name="testng.auto.project.testng.AssignmentVParallelTest" time="17.672" errors="0" timestamp="2020-08-09T20:40:51 CDT" skipped="0">
  <testcase classname="testng.auto.project.testng.AssignmentVParallelTest" name="testObserver3Dropdowns" time="2.592"/>
  <system-out/>
  <testcase classname="testng.auto.project.testng.AssignmentVParallelTest" name="testObserver3Dropdowns" time="3.357"/>
  <system-out/>
  <testcase classname="testng.auto.project.testng.AssignmentVParallelTest" name="testSelectCountry" time="4.692"/>
  <system-out/>
  <testcase classname="testng.auto.project.testng.AssignmentVParallelTest" name="testSelectCountry" time="0.871"/>
  <system-out/>
  <testcase classname="testng.auto.project.testng.AssignmentVParallelTest" name="testSelectRegion" time="2.355"/>
  <system-out/>
  <testcase classname="testng.auto.project.testng.AssignmentVParallelTest" name="testSelectRegion" time="0.508"/>
  <system-out/>
  <testcase classname="testng.auto.project.testng.AssignmentVParallelTest" name="testCityName" time="0.378"/>
  <system-out/>
  <testcase classname="testng.auto.project.testng.AssignmentVParallelTest" name="testCityName" time="2.919"/>
  <system-out/>
</testsuite> <!-- testng.auto.project.testng.AssignmentVParallelTest -->
